Analysis & Synthesis report for mips_cpu_one_circle
Tue Mar 25 18:29:42 2025
Quartus II 64-Bit Version 13.0.1 Build 232 06/12/2013 Service Pack 1 SJ Full Version


---------------------
; Table of Contents ;
---------------------
  1. Legal Notice
  2. Analysis & Synthesis Summary
  3. Analysis & Synthesis Settings
  4. Parallel Compilation
  5. Analysis & Synthesis Source Files Read
  6. Analysis & Synthesis Resource Usage Summary
  7. Analysis & Synthesis Resource Utilization by Entity
  8. Analysis & Synthesis RAM Summary
  9. Analysis & Synthesis IP Cores Summary
 10. Registers Removed During Synthesis
 11. Removed Registers Triggering Further Register Optimizations
 12. General Register Statistics
 13. Inverted Register Statistics
 14. Multiplexer Restructuring Statistics (Restructuring Performed)
 15. Source assignments for top:top_inst|instruction_memory:instruction_memory_inst|altsyncram:altsyncram_component|altsyncram_0ij1:auto_generated
 16. Source assignments for top:top_inst|data_memory:data_memory_inst|altsyncram:altsyncram_component|altsyncram_dqg1:auto_generated
 17. Parameter Settings for User Entity Instance: top:top_inst|mips:mips_inst|datapath:datapath_inst|flopr:flopr_inst
 18. Parameter Settings for User Entity Instance: top:top_inst|mips:mips_inst|datapath:datapath_inst|mux2:pcbrmux_inst
 19. Parameter Settings for User Entity Instance: top:top_inst|mips:mips_inst|datapath:datapath_inst|mux2:pcmux_inst
 20. Parameter Settings for User Entity Instance: top:top_inst|mips:mips_inst|datapath:datapath_inst|mux2:wr_mux_inst
 21. Parameter Settings for User Entity Instance: top:top_inst|mips:mips_inst|datapath:datapath_inst|mux2:resmux_inst
 22. Parameter Settings for User Entity Instance: top:top_inst|mips:mips_inst|datapath:datapath_inst|mux2:srcbmux_inst
 23. Parameter Settings for User Entity Instance: top:top_inst|instruction_memory:instruction_memory_inst|altsyncram:altsyncram_component
 24. Parameter Settings for User Entity Instance: top:top_inst|data_memory:data_memory_inst|altsyncram:altsyncram_component
 25. Parameter Settings for User Entity Instance: seg_595_dynamic:seg_595_dynamic_inst|seg_dynamic:seg_dynamic_inst
 26. altsyncram Parameter Settings by Entity Instance
 27. Port Connectivity Checks: "seg_595_dynamic:seg_595_dynamic_inst"
 28. Port Connectivity Checks: "top:top_inst|data_memory:data_memory_inst"
 29. Port Connectivity Checks: "top:top_inst|instruction_memory:instruction_memory_inst"
 30. Port Connectivity Checks: "top:top_inst|mips:mips_inst|datapath:datapath_inst|mux2:pcmux_inst"
 31. Port Connectivity Checks: "top:top_inst|mips:mips_inst|datapath:datapath_inst|adder:pc_plus_4_adder_inst"
 32. Port Connectivity Checks: "top:top_inst|mips:mips_inst|datapath:datapath_inst"
 33. Port Connectivity Checks: "top:top_inst|mips:mips_inst"
 34. Elapsed Time Per Partition
 35. Analysis & Synthesis Messages



----------------
; Legal Notice ;
----------------
Copyright (C) 1991-2013 Altera Corporation
Your use of Altera Corporation's design tools, logic functions 
and other software and tools, and its AMPP partner logic 
functions, and any output files from any of the foregoing 
(including device programming or simulation files), and any 
associated documentation or information are expressly subject 
to the terms and conditions of the Altera Program License 
Subscription Agreement, Altera MegaCore Function License 
Agreement, or other applicable license agreement, including, 
without limitation, that your use is for the sole purpose of 
programming logic devices manufactured by Altera and sold by 
Altera or its authorized distributors.  Please refer to the 
applicable agreement for further details.



+---------------------------------------------------------------------------------------+
; Analysis & Synthesis Summary                                                          ;
+------------------------------------+--------------------------------------------------+
; Analysis & Synthesis Status        ; Successful - Tue Mar 25 18:29:42 2025            ;
; Quartus II 64-Bit Version          ; 13.0.1 Build 232 06/12/2013 SP 1 SJ Full Version ;
; Revision Name                      ; mips_cpu_one_circle                              ;
; Top-level Entity Name              ; pass_or_fail                                     ;
; Family                             ; Cyclone IV E                                     ;
; Total logic elements               ; 2,860                                            ;
;     Total combinational functions  ; 1,828                                            ;
;     Dedicated logic registers      ; 1,179                                            ;
; Total registers                    ; 1179                                             ;
; Total pins                         ; 6                                                ;
; Total virtual pins                 ; 0                                                ;
; Total memory bits                  ; 16,384                                           ;
; Embedded Multiplier 9-bit elements ; 0                                                ;
; Total PLLs                         ; 0                                                ;
+------------------------------------+--------------------------------------------------+


+-----------------------------------------------------------------------------------------------------------------------+
; Analysis & Synthesis Settings                                                                                         ;
+----------------------------------------------------------------------------+--------------------+---------------------+
; Option                                                                     ; Setting            ; Default Value       ;
+----------------------------------------------------------------------------+--------------------+---------------------+
; Device                                                                     ; EP4CE10F17C8       ;                     ;
; Top-level entity name                                                      ; pass_or_fail       ; mips_cpu_one_circle ;
; Family name                                                                ; Cyclone IV E       ; Cyclone IV GX       ;
; Use smart compilation                                                      ; Off                ; Off                 ;
; Enable parallel Assembler and TimeQuest Timing Analyzer during compilation ; On                 ; On                  ;
; Enable compact report table                                                ; Off                ; Off                 ;
; Restructure Multiplexers                                                   ; Auto               ; Auto                ;
; Create Debugging Nodes for IP Cores                                        ; Off                ; Off                 ;
; Preserve fewer node names                                                  ; On                 ; On                  ;
; Disable OpenCore Plus hardware evaluation                                  ; Off                ; Off                 ;
; Verilog Version                                                            ; Verilog_2001       ; Verilog_2001        ;
; VHDL Version                                                               ; VHDL_1993          ; VHDL_1993           ;
; State Machine Processing                                                   ; Auto               ; Auto                ;
; Safe State Machine                                                         ; Off                ; Off                 ;
; Extract Verilog State Machines                                             ; On                 ; On                  ;
; Extract VHDL State Machines                                                ; On                 ; On                  ;
; Ignore Verilog initial constructs                                          ; Off                ; Off                 ;
; Iteration limit for constant Verilog loops                                 ; 5000               ; 5000                ;
; Iteration limit for non-constant Verilog loops                             ; 250                ; 250                 ;
; Add Pass-Through Logic to Inferred RAMs                                    ; On                 ; On                  ;
; Infer RAMs from Raw Logic                                                  ; On                 ; On                  ;
; Parallel Synthesis                                                         ; On                 ; On                  ;
; DSP Block Balancing                                                        ; Auto               ; Auto                ;
; NOT Gate Push-Back                                                         ; On                 ; On                  ;
; Power-Up Don't Care                                                        ; On                 ; On                  ;
; Remove Redundant Logic Cells                                               ; Off                ; Off                 ;
; Remove Duplicate Registers                                                 ; On                 ; On                  ;
; Ignore CARRY Buffers                                                       ; Off                ; Off                 ;
; Ignore CASCADE Buffers                                                     ; Off                ; Off                 ;
; Ignore GLOBAL Buffers                                                      ; Off                ; Off                 ;
; Ignore ROW GLOBAL Buffers                                                  ; Off                ; Off                 ;
; Ignore LCELL Buffers                                                       ; Off                ; Off                 ;
; Ignore SOFT Buffers                                                        ; On                 ; On                  ;
; Limit AHDL Integers to 32 Bits                                             ; Off                ; Off                 ;
; Optimization Technique                                                     ; Balanced           ; Balanced            ;
; Carry Chain Length                                                         ; 70                 ; 70                  ;
; Auto Carry Chains                                                          ; On                 ; On                  ;
; Auto Open-Drain Pins                                                       ; On                 ; On                  ;
; Perform WYSIWYG Primitive Resynthesis                                      ; Off                ; Off                 ;
; Auto ROM Replacement                                                       ; On                 ; On                  ;
; Auto RAM Replacement                                                       ; On                 ; On                  ;
; Auto DSP Block Replacement                                                 ; On                 ; On                  ;
; Auto Shift Register Replacement                                            ; Auto               ; Auto                ;
; Allow Shift Register Merging across Hierarchies                            ; Auto               ; Auto                ;
; Auto Clock Enable Replacement                                              ; On                 ; On                  ;
; Strict RAM Replacement                                                     ; Off                ; Off                 ;
; Allow Synchronous Control Signals                                          ; On                 ; On                  ;
; Force Use of Synchronous Clear Signals                                     ; Off                ; Off                 ;
; Auto RAM Block Balancing                                                   ; On                 ; On                  ;
; Auto RAM to Logic Cell Conversion                                          ; Off                ; Off                 ;
; Auto Resource Sharing                                                      ; Off                ; Off                 ;
; Allow Any RAM Size For Recognition                                         ; Off                ; Off                 ;
; Allow Any ROM Size For Recognition                                         ; Off                ; Off                 ;
; Allow Any Shift Register Size For Recognition                              ; Off                ; Off                 ;
; Use LogicLock Constraints during Resource Balancing                        ; On                 ; On                  ;
; Ignore translate_off and synthesis_off directives                          ; Off                ; Off                 ;
; Timing-Driven Synthesis                                                    ; On                 ; On                  ;
; Report Parameter Settings                                                  ; On                 ; On                  ;
; Report Source Assignments                                                  ; On                 ; On                  ;
; Report Connectivity Checks                                                 ; On                 ; On                  ;
; Ignore Maximum Fan-Out Assignments                                         ; Off                ; Off                 ;
; Synchronization Register Chain Length                                      ; 2                  ; 2                   ;
; PowerPlay Power Optimization                                               ; Normal compilation ; Normal compilation  ;
; HDL message level                                                          ; Level2             ; Level2              ;
; Suppress Register Optimization Related Messages                            ; Off                ; Off                 ;
; Number of Removed Registers Reported in Synthesis Report                   ; 5000               ; 5000                ;
; Number of Swept Nodes Reported in Synthesis Report                         ; 5000               ; 5000                ;
; Number of Inverted Registers Reported in Synthesis Report                  ; 100                ; 100                 ;
; Clock MUX Protection                                                       ; On                 ; On                  ;
; Auto Gated Clock Conversion                                                ; Off                ; Off                 ;
; Block Design Naming                                                        ; Auto               ; Auto                ;
; SDC constraint protection                                                  ; Off                ; Off                 ;
; Synthesis Effort                                                           ; Auto               ; Auto                ;
; Shift Register Replacement - Allow Asynchronous Clear Signal               ; On                 ; On                  ;
; Pre-Mapping Resynthesis Optimization                                       ; Off                ; Off                 ;
; Analysis & Synthesis Message Level                                         ; Medium             ; Medium              ;
; Disable Register Merging Across Hierarchies                                ; Auto               ; Auto                ;
; Resource Aware Inference For Block RAM                                     ; On                 ; On                  ;
; Synthesis Seed                                                             ; 1                  ; 1                   ;
+----------------------------------------------------------------------------+--------------------+---------------------+


+------------------------------------------+
; Parallel Compilation                     ;
+----------------------------+-------------+
; Processors                 ; Number      ;
+----------------------------+-------------+
; Number detected on machine ; 12          ;
; Maximum allowed            ; 6           ;
;                            ;             ;
; Average used               ; 1.00        ;
; Maximum used               ; 6           ;
;                            ;             ;
; Usage by Processor         ; % Time Used ;
;     Processor 1            ; 100.0%      ;
;     Processors 2-6         ; < 0.1%      ;
;     Processors 7-12        ;   0.0%      ;
+----------------------------+-------------+


+-----------------------------------------------------------------------------------------------------------------------------------------------------------------------------------------------------------+
; Analysis & Synthesis Source Files Read                                                                                                                                                                    ;
+-------------------------------------------------+-----------------+------------------------------+----------------------------------------------------------------------------------------------+---------+
; File Name with User-Entered Path                ; Used in Netlist ; File Type                    ; File Name with Absolute Path                                                                 ; Library ;
+-------------------------------------------------+-----------------+------------------------------+----------------------------------------------------------------------------------------------+---------+
; ../rtl/seg_dynamic.v                            ; yes             ; User Verilog HDL File        ; E:/MyCPU/git/mips_cpu_one_circle/rtl/seg_dynamic.v                                           ;         ;
; ../rtl/seg_595_dynamic.v                        ; yes             ; User Verilog HDL File        ; E:/MyCPU/git/mips_cpu_one_circle/rtl/seg_595_dynamic.v                                       ;         ;
; ../rtl/pass_or_fail.v                           ; yes             ; User Verilog HDL File        ; E:/MyCPU/git/mips_cpu_one_circle/rtl/pass_or_fail.v                                          ;         ;
; ../rtl/hc595_ctrl.v                             ; yes             ; User Verilog HDL File        ; E:/MyCPU/git/mips_cpu_one_circle/rtl/hc595_ctrl.v                                            ;         ;
; ../rtl/bcd_8421.v                               ; yes             ; User Verilog HDL File        ; E:/MyCPU/git/mips_cpu_one_circle/rtl/bcd_8421.v                                              ;         ;
; ../rtl/top.v                                    ; yes             ; User Verilog HDL File        ; E:/MyCPU/git/mips_cpu_one_circle/rtl/top.v                                                   ;         ;
; ../rtl/sign_extend.v                            ; yes             ; User Verilog HDL File        ; E:/MyCPU/git/mips_cpu_one_circle/rtl/sign_extend.v                                           ;         ;
; ../rtl/shift_left_2.v                           ; yes             ; User Verilog HDL File        ; E:/MyCPU/git/mips_cpu_one_circle/rtl/shift_left_2.v                                          ;         ;
; ../rtl/regfile.v                                ; yes             ; User Verilog HDL File        ; E:/MyCPU/git/mips_cpu_one_circle/rtl/regfile.v                                               ;         ;
; ../rtl/mux2.v                                   ; yes             ; User Verilog HDL File        ; E:/MyCPU/git/mips_cpu_one_circle/rtl/mux2.v                                                  ;         ;
; ../rtl/mips.v                                   ; yes             ; User Verilog HDL File        ; E:/MyCPU/git/mips_cpu_one_circle/rtl/mips.v                                                  ;         ;
; ../rtl/maindec.v                                ; yes             ; User Verilog HDL File        ; E:/MyCPU/git/mips_cpu_one_circle/rtl/maindec.v                                               ;         ;
; ../rtl/flopr.v                                  ; yes             ; User Verilog HDL File        ; E:/MyCPU/git/mips_cpu_one_circle/rtl/flopr.v                                                 ;         ;
; ../rtl/datapath.v                               ; yes             ; User Verilog HDL File        ; E:/MyCPU/git/mips_cpu_one_circle/rtl/datapath.v                                              ;         ;
; ../rtl/controller.v                             ; yes             ; User Verilog HDL File        ; E:/MyCPU/git/mips_cpu_one_circle/rtl/controller.v                                            ;         ;
; ../rtl/aludec.v                                 ; yes             ; User Verilog HDL File        ; E:/MyCPU/git/mips_cpu_one_circle/rtl/aludec.v                                                ;         ;
; ../rtl/alu.v                                    ; yes             ; User Verilog HDL File        ; E:/MyCPU/git/mips_cpu_one_circle/rtl/alu.v                                                   ;         ;
; ../rtl/adder.v                                  ; yes             ; User Verilog HDL File        ; E:/MyCPU/git/mips_cpu_one_circle/rtl/adder.v                                                 ;         ;
; ip_core/data_memory/data_memory.v               ; yes             ; User Wizard-Generated File   ; E:/MyCPU/git/mips_cpu_one_circle/quartus_prj/ip_core/data_memory/data_memory.v               ;         ;
; ip_core/instruction_memory/instruction_memory.v ; yes             ; User Wizard-Generated File   ; E:/MyCPU/git/mips_cpu_one_circle/quartus_prj/ip_core/instruction_memory/instruction_memory.v ;         ;
; altsyncram.tdf                                  ; yes             ; Megafunction                 ; e:/program files/quartus/libraries/megafunctions/altsyncram.tdf                              ;         ;
; stratix_ram_block.inc                           ; yes             ; Megafunction                 ; e:/program files/quartus/libraries/megafunctions/stratix_ram_block.inc                       ;         ;
; lpm_mux.inc                                     ; yes             ; Megafunction                 ; e:/program files/quartus/libraries/megafunctions/lpm_mux.inc                                 ;         ;
; lpm_decode.inc                                  ; yes             ; Megafunction                 ; e:/program files/quartus/libraries/megafunctions/lpm_decode.inc                              ;         ;
; aglobal130.inc                                  ; yes             ; Megafunction                 ; e:/program files/quartus/libraries/megafunctions/aglobal130.inc                              ;         ;
; a_rdenreg.inc                                   ; yes             ; Megafunction                 ; e:/program files/quartus/libraries/megafunctions/a_rdenreg.inc                               ;         ;
; altrom.inc                                      ; yes             ; Megafunction                 ; e:/program files/quartus/libraries/megafunctions/altrom.inc                                  ;         ;
; altram.inc                                      ; yes             ; Megafunction                 ; e:/program files/quartus/libraries/megafunctions/altram.inc                                  ;         ;
; altdpram.inc                                    ; yes             ; Megafunction                 ; e:/program files/quartus/libraries/megafunctions/altdpram.inc                                ;         ;
; db/altsyncram_0ij1.tdf                          ; yes             ; Auto-Generated Megafunction  ; E:/MyCPU/git/mips_cpu_one_circle/quartus_prj/db/altsyncram_0ij1.tdf                          ;         ;
; db/altsyncram_dqg1.tdf                          ; yes             ; Auto-Generated Megafunction  ; E:/MyCPU/git/mips_cpu_one_circle/quartus_prj/db/altsyncram_dqg1.tdf                          ;         ;
+-------------------------------------------------+-----------------+------------------------------+----------------------------------------------------------------------------------------------+---------+


+---------------------------------------------------------+
; Analysis & Synthesis Resource Usage Summary             ;
+---------------------------------------------+-----------+
; Resource                                    ; Usage     ;
+---------------------------------------------+-----------+
; Estimated Total logic elements              ; 2,860     ;
;                                             ;           ;
; Total combinational functions               ; 1828      ;
; Logic element usage by number of LUT inputs ;           ;
;     -- 4 input functions                    ; 1605      ;
;     -- 3 input functions                    ; 131       ;
;     -- <=2 input functions                  ; 92        ;
;                                             ;           ;
; Logic elements by mode                      ;           ;
;     -- normal mode                          ; 1764      ;
;     -- arithmetic mode                      ; 64        ;
;                                             ;           ;
; Total registers                             ; 1179      ;
;     -- Dedicated logic registers            ; 1179      ;
;     -- I/O registers                        ; 0         ;
;                                             ;           ;
; I/O pins                                    ; 6         ;
; Total memory bits                           ; 16384     ;
; Embedded Multiplier 9-bit elements          ; 0         ;
; Maximum fan-out node                        ; clk~input ;
; Maximum fan-out                             ; 1243      ;
; Total fan-out                               ; 11353     ;
; Average fan-out                             ; 3.68      ;
+---------------------------------------------+-----------+


+----------------------------------------------------------------------------------------------------------------------------------------------------------------------------------------------------------------------------------------------------------------------------------------------------------------------+
; Analysis & Synthesis Resource Utilization by Entity                                                                                                                                                                                                                                                                  ;
+----------------------------------------------------+-------------------+--------------+-------------+--------------+---------+-----------+------+--------------+--------------------------------------------------------------------------------------------------------------------------------------+--------------+
; Compilation Hierarchy Node                         ; LC Combinationals ; LC Registers ; Memory Bits ; DSP Elements ; DSP 9x9 ; DSP 18x18 ; Pins ; Virtual Pins ; Full Hierarchy Name                                                                                                                  ; Library Name ;
+----------------------------------------------------+-------------------+--------------+-------------+--------------+---------+-----------+------+--------------+--------------------------------------------------------------------------------------------------------------------------------------+--------------+
; |pass_or_fail                                      ; 1828 (15)         ; 1179 (1)     ; 16384       ; 0            ; 0       ; 0         ; 6    ; 0            ; |pass_or_fail                                                                                                                        ; work         ;
;    |seg_595_dynamic:seg_595_dynamic_inst|          ; 193 (0)           ; 146 (0)      ; 0           ; 0            ; 0       ; 0         ; 0    ; 0            ; |pass_or_fail|seg_595_dynamic:seg_595_dynamic_inst                                                                                   ; work         ;
;       |hc595_ctrl:hc595_ctrl_inst|                 ; 20 (20)           ; 9 (9)        ; 0           ; 0            ; 0       ; 0         ; 0    ; 0            ; |pass_or_fail|seg_595_dynamic:seg_595_dynamic_inst|hc595_ctrl:hc595_ctrl_inst                                                        ; work         ;
;       |seg_dynamic:seg_dynamic_inst|               ; 173 (83)          ; 137 (65)     ; 0           ; 0            ; 0       ; 0         ; 0    ; 0            ; |pass_or_fail|seg_595_dynamic:seg_595_dynamic_inst|seg_dynamic:seg_dynamic_inst                                                      ; work         ;
;          |bcd_8421:bcd_8421_inst|                  ; 90 (90)           ; 72 (72)      ; 0           ; 0            ; 0       ; 0         ; 0    ; 0            ; |pass_or_fail|seg_595_dynamic:seg_595_dynamic_inst|seg_dynamic:seg_dynamic_inst|bcd_8421:bcd_8421_inst                               ; work         ;
;    |top:top_inst|                                  ; 1620 (0)          ; 1032 (0)     ; 16384       ; 0            ; 0       ; 0         ; 0    ; 0            ; |pass_or_fail|top:top_inst                                                                                                           ; work         ;
;       |data_memory:data_memory_inst|               ; 0 (0)             ; 0 (0)        ; 8192        ; 0            ; 0       ; 0         ; 0    ; 0            ; |pass_or_fail|top:top_inst|data_memory:data_memory_inst                                                                              ; work         ;
;          |altsyncram:altsyncram_component|         ; 0 (0)             ; 0 (0)        ; 8192        ; 0            ; 0       ; 0         ; 0    ; 0            ; |pass_or_fail|top:top_inst|data_memory:data_memory_inst|altsyncram:altsyncram_component                                              ; work         ;
;             |altsyncram_dqg1:auto_generated|       ; 0 (0)             ; 0 (0)        ; 8192        ; 0            ; 0       ; 0         ; 0    ; 0            ; |pass_or_fail|top:top_inst|data_memory:data_memory_inst|altsyncram:altsyncram_component|altsyncram_dqg1:auto_generated               ; work         ;
;       |instruction_memory:instruction_memory_inst| ; 0 (0)             ; 0 (0)        ; 8192        ; 0            ; 0       ; 0         ; 0    ; 0            ; |pass_or_fail|top:top_inst|instruction_memory:instruction_memory_inst                                                                ; work         ;
;          |altsyncram:altsyncram_component|         ; 0 (0)             ; 0 (0)        ; 8192        ; 0            ; 0       ; 0         ; 0    ; 0            ; |pass_or_fail|top:top_inst|instruction_memory:instruction_memory_inst|altsyncram:altsyncram_component                                ; work         ;
;             |altsyncram_0ij1:auto_generated|       ; 0 (0)             ; 0 (0)        ; 8192        ; 0            ; 0       ; 0         ; 0    ; 0            ; |pass_or_fail|top:top_inst|instruction_memory:instruction_memory_inst|altsyncram:altsyncram_component|altsyncram_0ij1:auto_generated ; work         ;
;       |mips:mips_inst|                             ; 1620 (0)          ; 1032 (0)     ; 0           ; 0            ; 0       ; 0         ; 0    ; 0            ; |pass_or_fail|top:top_inst|mips:mips_inst                                                                                            ; work         ;
;          |controller:controller_inst|              ; 33 (17)           ; 0 (0)        ; 0           ; 0            ; 0       ; 0         ; 0    ; 0            ; |pass_or_fail|top:top_inst|mips:mips_inst|controller:controller_inst                                                                 ; work         ;
;             |aludec:aludec_inst|                   ; 7 (7)             ; 0 (0)        ; 0           ; 0            ; 0       ; 0         ; 0    ; 0            ; |pass_or_fail|top:top_inst|mips:mips_inst|controller:controller_inst|aludec:aludec_inst                                              ; work         ;
;             |maindec:maindec_inst|                 ; 9 (9)             ; 0 (0)        ; 0           ; 0            ; 0       ; 0         ; 0    ; 0            ; |pass_or_fail|top:top_inst|mips:mips_inst|controller:controller_inst|maindec:maindec_inst                                            ; work         ;
;          |datapath:datapath_inst|                  ; 1587 (0)          ; 1032 (0)     ; 0           ; 0            ; 0       ; 0         ; 0    ; 0            ; |pass_or_fail|top:top_inst|mips:mips_inst|datapath:datapath_inst                                                                     ; work         ;
;             |adder:pc_branch_adder_inst|           ; 8 (8)             ; 0 (0)        ; 0           ; 0            ; 0       ; 0         ; 0    ; 0            ; |pass_or_fail|top:top_inst|mips:mips_inst|datapath:datapath_inst|adder:pc_branch_adder_inst                                          ; work         ;
;             |adder:pc_plus_4_adder_inst|           ; 8 (8)             ; 0 (0)        ; 0           ; 0            ; 0       ; 0         ; 0    ; 0            ; |pass_or_fail|top:top_inst|mips:mips_inst|datapath:datapath_inst|adder:pc_plus_4_adder_inst                                          ; work         ;
;             |alu:alu_inst|                         ; 130 (130)         ; 0 (0)        ; 0           ; 0            ; 0       ; 0         ; 0    ; 0            ; |pass_or_fail|top:top_inst|mips:mips_inst|datapath:datapath_inst|alu:alu_inst                                                        ; work         ;
;             |flopr:flopr_inst|                     ; 8 (8)             ; 8 (8)        ; 0           ; 0            ; 0       ; 0         ; 0    ; 0            ; |pass_or_fail|top:top_inst|mips:mips_inst|datapath:datapath_inst|flopr:flopr_inst                                                    ; work         ;
;             |mux2:resmux_inst|                     ; 32 (32)           ; 0 (0)        ; 0           ; 0            ; 0       ; 0         ; 0    ; 0            ; |pass_or_fail|top:top_inst|mips:mips_inst|datapath:datapath_inst|mux2:resmux_inst                                                    ; work         ;
;             |mux2:wr_mux_inst|                     ; 5 (5)             ; 0 (0)        ; 0           ; 0            ; 0       ; 0         ; 0    ; 0            ; |pass_or_fail|top:top_inst|mips:mips_inst|datapath:datapath_inst|mux2:wr_mux_inst                                                    ; work         ;
;             |regfile:rf|                           ; 1396 (1396)       ; 1024 (1024)  ; 0           ; 0            ; 0       ; 0         ; 0    ; 0            ; |pass_or_fail|top:top_inst|mips:mips_inst|datapath:datapath_inst|regfile:rf                                                          ; work         ;
+----------------------------------------------------+-------------------+--------------+-------------+--------------+---------+-----------+------+--------------+--------------------------------------------------------------------------------------------------------------------------------------+--------------+
Note: For table entries with two numbers listed, the numbers in parentheses indicate the number of resources of the given type used by the specific entity alone. The numbers listed outside of parentheses indicate the total resources of the given type used by the specific entity and all of its sub-entities in the hierarchy.


+----------------------------------------------------------------------------------------------------------------------------------------------------------------------------------------------------------------------------------------------+
; Analysis & Synthesis RAM Summary                                                                                                                                                                                                             ;
+-----------------------------------------------------------------------------------------------------------------------------------+------+-------------+--------------+--------------+--------------+--------------+------+------------------+
; Name                                                                                                                              ; Type ; Mode        ; Port A Depth ; Port A Width ; Port B Depth ; Port B Width ; Size ; MIF              ;
+-----------------------------------------------------------------------------------------------------------------------------------+------+-------------+--------------+--------------+--------------+--------------+------+------------------+
; top:top_inst|data_memory:data_memory_inst|altsyncram:altsyncram_component|altsyncram_dqg1:auto_generated|ALTSYNCRAM               ; AUTO ; Single Port ; 256          ; 32           ; --           ; --           ; 8192 ; None             ;
; top:top_inst|instruction_memory:instruction_memory_inst|altsyncram:altsyncram_component|altsyncram_0ij1:auto_generated|ALTSYNCRAM ; AUTO ; Single Port ; 256          ; 32           ; --           ; --           ; 8192 ; instructions.mif ;
+-----------------------------------------------------------------------------------------------------------------------------------+------+-------------+--------------+--------------+--------------+--------------+------+------------------+


+--------------------------------------------------------------------------------------------------------------------------------------------------------------------------------------------------------------------------------------+
; Analysis & Synthesis IP Cores Summary                                                                                                                                                                                                ;
+--------+--------------+---------+--------------+--------------+-----------------------------------------------------------------------+----------------------------------------------------------------------------------------------+
; Vendor ; IP Core Name ; Version ; Release Date ; License Type ; Entity Instance                                                       ; IP Include File                                                                              ;
+--------+--------------+---------+--------------+--------------+-----------------------------------------------------------------------+----------------------------------------------------------------------------------------------+
; Altera ; RAM: 1-PORT  ; 13.0    ; N/A          ; N/A          ; |pass_or_fail|top:top_inst|data_memory:data_memory_inst               ; E:/MyCPU/git/mips_cpu_one_circle/quartus_prj/ip_core/data_memory/data_memory.v               ;
; Altera ; RAM: 1-PORT  ; 13.0    ; N/A          ; N/A          ; |pass_or_fail|top:top_inst|instruction_memory:instruction_memory_inst ; E:/MyCPU/git/mips_cpu_one_circle/quartus_prj/ip_core/instruction_memory/instruction_memory.v ;
+--------+--------------+---------+--------------+--------------+-----------------------------------------------------------------------+----------------------------------------------------------------------------------------------+


+----------------------------------------------------------------------------------------------------------------------------------------------------------------------------------------------+
; Registers Removed During Synthesis                                                                                                                                                           ;
+-------------------------------------------------------------------------------------------------------+--------------------------------------------------------------------------------------+
; Register name                                                                                         ; Reason for Removal                                                                   ;
+-------------------------------------------------------------------------------------------------------+--------------------------------------------------------------------------------------+
; data[3,5..19]                                                                                         ; Merged with data[4]                                                                  ;
; data[0,1]                                                                                             ; Merged with data[2]                                                                  ;
; top:top_inst|mips:mips_inst|datapath:datapath_inst|flopr:flopr_inst|q[1]                              ; Merged with top:top_inst|mips:mips_inst|datapath:datapath_inst|flopr:flopr_inst|q[0] ;
; data[4]                                                                                               ; Stuck at GND due to stuck port data_in                                               ;
; top:top_inst|mips:mips_inst|datapath:datapath_inst|flopr:flopr_inst|q[0]                              ; Stuck at GND due to stuck port data_in                                               ;
; seg_595_dynamic:seg_595_dynamic_inst|seg_dynamic:seg_dynamic_inst|dot_disp                            ; Stuck at VCC due to stuck port data_in                                               ;
; seg_595_dynamic:seg_595_dynamic_inst|seg_dynamic:seg_dynamic_inst|seg[7]                              ; Stuck at VCC due to stuck port data_in                                               ;
; seg_595_dynamic:seg_595_dynamic_inst|seg_dynamic:seg_dynamic_inst|bcd_8421:bcd_8421_inst|shift_flag   ; Merged with seg_595_dynamic:seg_595_dynamic_inst|hc595_ctrl:hc595_ctrl_inst|cnt_4[0] ;
; seg_595_dynamic:seg_595_dynamic_inst|seg_dynamic:seg_dynamic_inst|cnt_1ms[0]                          ; Merged with seg_595_dynamic:seg_595_dynamic_inst|hc595_ctrl:hc595_ctrl_inst|cnt_4[0] ;
; seg_595_dynamic:seg_595_dynamic_inst|seg_dynamic:seg_dynamic_inst|cnt_1ms[1]                          ; Merged with seg_595_dynamic:seg_595_dynamic_inst|hc595_ctrl:hc595_ctrl_inst|cnt_4[1] ;
; seg_595_dynamic:seg_595_dynamic_inst|seg_dynamic:seg_dynamic_inst|bcd_8421:bcd_8421_inst|cnt_shift[0] ; Merged with seg_595_dynamic:seg_595_dynamic_inst|hc595_ctrl:hc595_ctrl_inst|cnt_4[1] ;
; top:top_inst|mips:mips_inst|datapath:datapath_inst|flopr:flopr_inst|q[10..31]                         ; Lost fanout                                                                          ;
; Total Number of Removed Registers = 49                                                                ;                                                                                      ;
+-------------------------------------------------------------------------------------------------------+--------------------------------------------------------------------------------------+


+------------------------------------------------------------------------------------------------------------------------------------------------------------------------------------+
; Removed Registers Triggering Further Register Optimizations                                                                                                                        ;
+----------------------------------------------------------------------------+---------------------------+---------------------------------------------------------------------------+
; Register name                                                              ; Reason for Removal        ; Registers Removed due to This Register                                    ;
+----------------------------------------------------------------------------+---------------------------+---------------------------------------------------------------------------+
; top:top_inst|mips:mips_inst|datapath:datapath_inst|flopr:flopr_inst|q[0]   ; Stuck at GND              ; top:top_inst|mips:mips_inst|datapath:datapath_inst|flopr:flopr_inst|q[24] ;
;                                                                            ; due to stuck port data_in ;                                                                           ;
; seg_595_dynamic:seg_595_dynamic_inst|seg_dynamic:seg_dynamic_inst|dot_disp ; Stuck at VCC              ; seg_595_dynamic:seg_595_dynamic_inst|seg_dynamic:seg_dynamic_inst|seg[7]  ;
;                                                                            ; due to stuck port data_in ;                                                                           ;
+----------------------------------------------------------------------------+---------------------------+---------------------------------------------------------------------------+


+------------------------------------------------------+
; General Register Statistics                          ;
+----------------------------------------------+-------+
; Statistic                                    ; Value ;
+----------------------------------------------+-------+
; Total registers                              ; 1179  ;
; Number of registers using Synchronous Clear  ; 0     ;
; Number of registers using Synchronous Load   ; 8     ;
; Number of registers using Asynchronous Clear ; 154   ;
; Number of registers using Asynchronous Load  ; 0     ;
; Number of registers using Clock Enable       ; 1089  ;
; Number of registers using Preset             ; 0     ;
+----------------------------------------------+-------+


+------------------------------------------------------------------------------------+
; Inverted Register Statistics                                                       ;
+--------------------------------------------------------------------------+---------+
; Inverted Register                                                        ; Fan out ;
+--------------------------------------------------------------------------+---------+
; seg_595_dynamic:seg_595_dynamic_inst|seg_dynamic:seg_dynamic_inst|seg[1] ; 1       ;
; seg_595_dynamic:seg_595_dynamic_inst|seg_dynamic:seg_dynamic_inst|seg[0] ; 1       ;
; seg_595_dynamic:seg_595_dynamic_inst|seg_dynamic:seg_dynamic_inst|seg[3] ; 1       ;
; seg_595_dynamic:seg_595_dynamic_inst|seg_dynamic:seg_dynamic_inst|seg[2] ; 1       ;
; seg_595_dynamic:seg_595_dynamic_inst|seg_dynamic:seg_dynamic_inst|seg[5] ; 1       ;
; seg_595_dynamic:seg_595_dynamic_inst|seg_dynamic:seg_dynamic_inst|seg[4] ; 1       ;
; seg_595_dynamic:seg_595_dynamic_inst|seg_dynamic:seg_dynamic_inst|seg[6] ; 1       ;
; Total number of inverted registers = 7                                   ;         ;
+--------------------------------------------------------------------------+---------+


+-------------------------------------------------------------------------------------------------------------------------------------------------------------------------------------------------------------------------------------+
; Multiplexer Restructuring Statistics (Restructuring Performed)                                                                                                                                                                      ;
+--------------------+-----------+---------------+----------------------+------------------------+------------+-----------------------------------------------------------------------------------------------------------------------+
; Multiplexer Inputs ; Bus Width ; Baseline Area ; Area if Restructured ; Saving if Restructured ; Registered ; Example Multiplexer Output                                                                                            ;
+--------------------+-----------+---------------+----------------------+------------------------+------------+-----------------------------------------------------------------------------------------------------------------------+
; 3:1                ; 4 bits    ; 8 LEs         ; 4 LEs                ; 4 LEs                  ; Yes        ; |pass_or_fail|seg_595_dynamic:seg_595_dynamic_inst|hc595_ctrl:hc595_ctrl_inst|cnt_bit[3]                              ;
; 3:1                ; 5 bits    ; 10 LEs        ; 5 LEs                ; 5 LEs                  ; Yes        ; |pass_or_fail|seg_595_dynamic:seg_595_dynamic_inst|seg_dynamic:seg_dynamic_inst|sel_reg[4]                            ;
; 3:1                ; 17 bits   ; 34 LEs        ; 17 LEs               ; 17 LEs                 ; Yes        ; |pass_or_fail|seg_595_dynamic:seg_595_dynamic_inst|seg_dynamic:seg_dynamic_inst|bcd_8421:bcd_8421_inst|data_shift[4]  ;
; 3:1                ; 2 bits    ; 4 LEs         ; 2 LEs                ; 2 LEs                  ; Yes        ; |pass_or_fail|seg_595_dynamic:seg_595_dynamic_inst|seg_dynamic:seg_dynamic_inst|bcd_8421:bcd_8421_inst|data_shift[1]  ;
; 3:1                ; 4 bits    ; 8 LEs         ; 4 LEs                ; 4 LEs                  ; Yes        ; |pass_or_fail|top:top_inst|mips:mips_inst|datapath:datapath_inst|flopr:flopr_inst|q[30]                               ;
; 3:1                ; 26 bits   ; 52 LEs        ; 52 LEs               ; 0 LEs                  ; Yes        ; |pass_or_fail|top:top_inst|mips:mips_inst|datapath:datapath_inst|flopr:flopr_inst|q[13]                               ;
; 8:1                ; 4 bits    ; 20 LEs        ; 16 LEs               ; 4 LEs                  ; Yes        ; |pass_or_fail|seg_595_dynamic:seg_595_dynamic_inst|seg_dynamic:seg_dynamic_inst|data_disp[3]                          ;
; 5:1                ; 4 bits    ; 12 LEs        ; 8 LEs                ; 4 LEs                  ; Yes        ; |pass_or_fail|seg_595_dynamic:seg_595_dynamic_inst|seg_dynamic:seg_dynamic_inst|bcd_8421:bcd_8421_inst|data_shift[43] ;
; 5:1                ; 4 bits    ; 12 LEs        ; 8 LEs                ; 4 LEs                  ; Yes        ; |pass_or_fail|seg_595_dynamic:seg_595_dynamic_inst|seg_dynamic:seg_dynamic_inst|bcd_8421:bcd_8421_inst|data_shift[39] ;
; 5:1                ; 4 bits    ; 12 LEs        ; 8 LEs                ; 4 LEs                  ; Yes        ; |pass_or_fail|seg_595_dynamic:seg_595_dynamic_inst|seg_dynamic:seg_dynamic_inst|bcd_8421:bcd_8421_inst|data_shift[35] ;
; 5:1                ; 4 bits    ; 12 LEs        ; 8 LEs                ; 4 LEs                  ; Yes        ; |pass_or_fail|seg_595_dynamic:seg_595_dynamic_inst|seg_dynamic:seg_dynamic_inst|bcd_8421:bcd_8421_inst|data_shift[28] ;
; 5:1                ; 4 bits    ; 12 LEs        ; 8 LEs                ; 4 LEs                  ; Yes        ; |pass_or_fail|seg_595_dynamic:seg_595_dynamic_inst|seg_dynamic:seg_dynamic_inst|bcd_8421:bcd_8421_inst|data_shift[25] ;
; 5:1                ; 4 bits    ; 12 LEs        ; 8 LEs                ; 4 LEs                  ; Yes        ; |pass_or_fail|seg_595_dynamic:seg_595_dynamic_inst|seg_dynamic:seg_dynamic_inst|bcd_8421:bcd_8421_inst|data_shift[20] ;
; 4:1                ; 31 bits   ; 62 LEs        ; 62 LEs               ; 0 LEs                  ; No         ; |pass_or_fail|top:top_inst|mips:mips_inst|datapath:datapath_inst|alu:alu_inst|Mux17                                   ;
; 4:1                ; 32 bits   ; 64 LEs        ; 64 LEs               ; 0 LEs                  ; No         ; |pass_or_fail|top:top_inst|mips:mips_inst|datapath:datapath_inst|alu:alu_inst|bout[1]                                 ;
+--------------------+-----------+---------------+----------------------+------------------------+------------+-----------------------------------------------------------------------------------------------------------------------+


+-----------------------------------------------------------------------------------------------------------------------------------------------+
; Source assignments for top:top_inst|instruction_memory:instruction_memory_inst|altsyncram:altsyncram_component|altsyncram_0ij1:auto_generated ;
+---------------------------------+--------------------+------+---------------------------------------------------------------------------------+
; Assignment                      ; Value              ; From ; To                                                                              ;
+---------------------------------+--------------------+------+---------------------------------------------------------------------------------+
; OPTIMIZE_POWER_DURING_SYNTHESIS ; NORMAL_COMPILATION ; -    ; -                                                                               ;
+---------------------------------+--------------------+------+---------------------------------------------------------------------------------+


+---------------------------------------------------------------------------------------------------------------------------------+
; Source assignments for top:top_inst|data_memory:data_memory_inst|altsyncram:altsyncram_component|altsyncram_dqg1:auto_generated ;
+---------------------------------+--------------------+------+-------------------------------------------------------------------+
; Assignment                      ; Value              ; From ; To                                                                ;
+---------------------------------+--------------------+------+-------------------------------------------------------------------+
; OPTIMIZE_POWER_DURING_SYNTHESIS ; NORMAL_COMPILATION ; -    ; -                                                                 ;
+---------------------------------+--------------------+------+-------------------------------------------------------------------+


+------------------------------------------------------------------------------------------------------------------+
; Parameter Settings for User Entity Instance: top:top_inst|mips:mips_inst|datapath:datapath_inst|flopr:flopr_inst ;
+----------------+-------+-----------------------------------------------------------------------------------------+
; Parameter Name ; Value ; Type                                                                                    ;
+----------------+-------+-----------------------------------------------------------------------------------------+
; WIDTH          ; 32    ; Signed Integer                                                                          ;
+----------------+-------+-----------------------------------------------------------------------------------------+
Note: In order to hide this table in the UI and the text report file, please set the "Show Parameter Settings in Synthesis Report" option in "Analysis and Synthesis Settings -> More Settings" to "Off".


+-------------------------------------------------------------------------------------------------------------------+
; Parameter Settings for User Entity Instance: top:top_inst|mips:mips_inst|datapath:datapath_inst|mux2:pcbrmux_inst ;
+----------------+-------+------------------------------------------------------------------------------------------+
; Parameter Name ; Value ; Type                                                                                     ;
+----------------+-------+------------------------------------------------------------------------------------------+
; WIDTH          ; 32    ; Signed Integer                                                                           ;
+----------------+-------+------------------------------------------------------------------------------------------+
Note: In order to hide this table in the UI and the text report file, please set the "Show Parameter Settings in Synthesis Report" option in "Analysis and Synthesis Settings -> More Settings" to "Off".


+-----------------------------------------------------------------------------------------------------------------+
; Parameter Settings for User Entity Instance: top:top_inst|mips:mips_inst|datapath:datapath_inst|mux2:pcmux_inst ;
+----------------+-------+----------------------------------------------------------------------------------------+
; Parameter Name ; Value ; Type                                                                                   ;
+----------------+-------+----------------------------------------------------------------------------------------+
; WIDTH          ; 32    ; Signed Integer                                                                         ;
+----------------+-------+----------------------------------------------------------------------------------------+
Note: In order to hide this table in the UI and the text report file, please set the "Show Parameter Settings in Synthesis Report" option in "Analysis and Synthesis Settings -> More Settings" to "Off".


+------------------------------------------------------------------------------------------------------------------+
; Parameter Settings for User Entity Instance: top:top_inst|mips:mips_inst|datapath:datapath_inst|mux2:wr_mux_inst ;
+----------------+-------+-----------------------------------------------------------------------------------------+
; Parameter Name ; Value ; Type                                                                                    ;
+----------------+-------+-----------------------------------------------------------------------------------------+
; WIDTH          ; 5     ; Signed Integer                                                                          ;
+----------------+-------+-----------------------------------------------------------------------------------------+
Note: In order to hide this table in the UI and the text report file, please set the "Show Parameter Settings in Synthesis Report" option in "Analysis and Synthesis Settings -> More Settings" to "Off".


+------------------------------------------------------------------------------------------------------------------+
; Parameter Settings for User Entity Instance: top:top_inst|mips:mips_inst|datapath:datapath_inst|mux2:resmux_inst ;
+----------------+-------+-----------------------------------------------------------------------------------------+
; Parameter Name ; Value ; Type                                                                                    ;
+----------------+-------+-----------------------------------------------------------------------------------------+
; WIDTH          ; 32    ; Signed Integer                                                                          ;
+----------------+-------+-----------------------------------------------------------------------------------------+
Note: In order to hide this table in the UI and the text report file, please set the "Show Parameter Settings in Synthesis Report" option in "Analysis and Synthesis Settings -> More Settings" to "Off".


+-------------------------------------------------------------------------------------------------------------------+
; Parameter Settings for User Entity Instance: top:top_inst|mips:mips_inst|datapath:datapath_inst|mux2:srcbmux_inst ;
+----------------+-------+------------------------------------------------------------------------------------------+
; Parameter Name ; Value ; Type                                                                                     ;
+----------------+-------+------------------------------------------------------------------------------------------+
; WIDTH          ; 32    ; Signed Integer                                                                           ;
+----------------+-------+------------------------------------------------------------------------------------------+
Note: In order to hide this table in the UI and the text report file, please set the "Show Parameter Settings in Synthesis Report" option in "Analysis and Synthesis Settings -> More Settings" to "Off".


+--------------------------------------------------------------------------------------------------------------------------------------+
; Parameter Settings for User Entity Instance: top:top_inst|instruction_memory:instruction_memory_inst|altsyncram:altsyncram_component ;
+------------------------------------+----------------------+--------------------------------------------------------------------------+
; Parameter Name                     ; Value                ; Type                                                                     ;
+------------------------------------+----------------------+--------------------------------------------------------------------------+
; BYTE_SIZE_BLOCK                    ; 8                    ; Untyped                                                                  ;
; AUTO_CARRY_CHAINS                  ; ON                   ; AUTO_CARRY                                                               ;
; IGNORE_CARRY_BUFFERS               ; OFF                  ; IGNORE_CARRY                                                             ;
; AUTO_CASCADE_CHAINS                ; ON                   ; AUTO_CASCADE                                                             ;
; IGNORE_CASCADE_BUFFERS             ; OFF                  ; IGNORE_CASCADE                                                           ;
; WIDTH_BYTEENA                      ; 1                    ; Untyped                                                                  ;
; OPERATION_MODE                     ; SINGLE_PORT          ; Untyped                                                                  ;
; WIDTH_A                            ; 32                   ; Signed Integer                                                           ;
; WIDTHAD_A                          ; 8                    ; Signed Integer                                                           ;
; NUMWORDS_A                         ; 256                  ; Signed Integer                                                           ;
; OUTDATA_REG_A                      ; UNREGISTERED         ; Untyped                                                                  ;
; ADDRESS_ACLR_A                     ; NONE                 ; Untyped                                                                  ;
; OUTDATA_ACLR_A                     ; CLEAR0               ; Untyped                                                                  ;
; WRCONTROL_ACLR_A                   ; NONE                 ; Untyped                                                                  ;
; INDATA_ACLR_A                      ; NONE                 ; Untyped                                                                  ;
; BYTEENA_ACLR_A                     ; NONE                 ; Untyped                                                                  ;
; WIDTH_B                            ; 1                    ; Untyped                                                                  ;
; WIDTHAD_B                          ; 1                    ; Untyped                                                                  ;
; NUMWORDS_B                         ; 1                    ; Untyped                                                                  ;
; INDATA_REG_B                       ; CLOCK1               ; Untyped                                                                  ;
; WRCONTROL_WRADDRESS_REG_B          ; CLOCK1               ; Untyped                                                                  ;
; RDCONTROL_REG_B                    ; CLOCK1               ; Untyped                                                                  ;
; ADDRESS_REG_B                      ; CLOCK1               ; Untyped                                                                  ;
; OUTDATA_REG_B                      ; UNREGISTERED         ; Untyped                                                                  ;
; BYTEENA_REG_B                      ; CLOCK1               ; Untyped                                                                  ;
; INDATA_ACLR_B                      ; NONE                 ; Untyped                                                                  ;
; WRCONTROL_ACLR_B                   ; NONE                 ; Untyped                                                                  ;
; ADDRESS_ACLR_B                     ; NONE                 ; Untyped                                                                  ;
; OUTDATA_ACLR_B                     ; NONE                 ; Untyped                                                                  ;
; RDCONTROL_ACLR_B                   ; NONE                 ; Untyped                                                                  ;
; BYTEENA_ACLR_B                     ; NONE                 ; Untyped                                                                  ;
; WIDTH_BYTEENA_A                    ; 1                    ; Signed Integer                                                           ;
; WIDTH_BYTEENA_B                    ; 1                    ; Untyped                                                                  ;
; RAM_BLOCK_TYPE                     ; AUTO                 ; Untyped                                                                  ;
; BYTE_SIZE                          ; 8                    ; Untyped                                                                  ;
; READ_DURING_WRITE_MODE_MIXED_PORTS ; DONT_CARE            ; Untyped                                                                  ;
; READ_DURING_WRITE_MODE_PORT_A      ; NEW_DATA_NO_NBE_READ ; Untyped                                                                  ;
; READ_DURING_WRITE_MODE_PORT_B      ; NEW_DATA_NO_NBE_READ ; Untyped                                                                  ;
; INIT_FILE                          ; instructions.mif     ; Untyped                                                                  ;
; INIT_FILE_LAYOUT                   ; PORT_A               ; Untyped                                                                  ;
; MAXIMUM_DEPTH                      ; 0                    ; Untyped                                                                  ;
; CLOCK_ENABLE_INPUT_A               ; BYPASS               ; Untyped                                                                  ;
; CLOCK_ENABLE_INPUT_B               ; NORMAL               ; Untyped                                                                  ;
; CLOCK_ENABLE_OUTPUT_A              ; BYPASS               ; Untyped                                                                  ;
; CLOCK_ENABLE_OUTPUT_B              ; NORMAL               ; Untyped                                                                  ;
; CLOCK_ENABLE_CORE_A                ; USE_INPUT_CLKEN      ; Untyped                                                                  ;
; CLOCK_ENABLE_CORE_B                ; USE_INPUT_CLKEN      ; Untyped                                                                  ;
; ENABLE_ECC                         ; FALSE                ; Untyped                                                                  ;
; ECC_PIPELINE_STAGE_ENABLED         ; FALSE                ; Untyped                                                                  ;
; WIDTH_ECCSTATUS                    ; 3                    ; Untyped                                                                  ;
; DEVICE_FAMILY                      ; Cyclone IV E         ; Untyped                                                                  ;
; CBXI_PARAMETER                     ; altsyncram_0ij1      ; Untyped                                                                  ;
+------------------------------------+----------------------+--------------------------------------------------------------------------+
Note: In order to hide this table in the UI and the text report file, please set the "Show Parameter Settings in Synthesis Report" option in "Analysis and Synthesis Settings -> More Settings" to "Off".


+------------------------------------------------------------------------------------------------------------------------+
; Parameter Settings for User Entity Instance: top:top_inst|data_memory:data_memory_inst|altsyncram:altsyncram_component ;
+------------------------------------+----------------------+------------------------------------------------------------+
; Parameter Name                     ; Value                ; Type                                                       ;
+------------------------------------+----------------------+------------------------------------------------------------+
; BYTE_SIZE_BLOCK                    ; 8                    ; Untyped                                                    ;
; AUTO_CARRY_CHAINS                  ; ON                   ; AUTO_CARRY                                                 ;
; IGNORE_CARRY_BUFFERS               ; OFF                  ; IGNORE_CARRY                                               ;
; AUTO_CASCADE_CHAINS                ; ON                   ; AUTO_CASCADE                                               ;
; IGNORE_CASCADE_BUFFERS             ; OFF                  ; IGNORE_CASCADE                                             ;
; WIDTH_BYTEENA                      ; 1                    ; Untyped                                                    ;
; OPERATION_MODE                     ; SINGLE_PORT          ; Untyped                                                    ;
; WIDTH_A                            ; 32                   ; Signed Integer                                             ;
; WIDTHAD_A                          ; 8                    ; Signed Integer                                             ;
; NUMWORDS_A                         ; 256                  ; Signed Integer                                             ;
; OUTDATA_REG_A                      ; UNREGISTERED         ; Untyped                                                    ;
; ADDRESS_ACLR_A                     ; NONE                 ; Untyped                                                    ;
; OUTDATA_ACLR_A                     ; CLEAR0               ; Untyped                                                    ;
; WRCONTROL_ACLR_A                   ; NONE                 ; Untyped                                                    ;
; INDATA_ACLR_A                      ; NONE                 ; Untyped                                                    ;
; BYTEENA_ACLR_A                     ; NONE                 ; Untyped                                                    ;
; WIDTH_B                            ; 1                    ; Untyped                                                    ;
; WIDTHAD_B                          ; 1                    ; Untyped                                                    ;
; NUMWORDS_B                         ; 1                    ; Untyped                                                    ;
; INDATA_REG_B                       ; CLOCK1               ; Untyped                                                    ;
; WRCONTROL_WRADDRESS_REG_B          ; CLOCK1               ; Untyped                                                    ;
; RDCONTROL_REG_B                    ; CLOCK1               ; Untyped                                                    ;
; ADDRESS_REG_B                      ; CLOCK1               ; Untyped                                                    ;
; OUTDATA_REG_B                      ; UNREGISTERED         ; Untyped                                                    ;
; BYTEENA_REG_B                      ; CLOCK1               ; Untyped                                                    ;
; INDATA_ACLR_B                      ; NONE                 ; Untyped                                                    ;
; WRCONTROL_ACLR_B                   ; NONE                 ; Untyped                                                    ;
; ADDRESS_ACLR_B                     ; NONE                 ; Untyped                                                    ;
; OUTDATA_ACLR_B                     ; NONE                 ; Untyped                                                    ;
; RDCONTROL_ACLR_B                   ; NONE                 ; Untyped                                                    ;
; BYTEENA_ACLR_B                     ; NONE                 ; Untyped                                                    ;
; WIDTH_BYTEENA_A                    ; 1                    ; Signed Integer                                             ;
; WIDTH_BYTEENA_B                    ; 1                    ; Untyped                                                    ;
; RAM_BLOCK_TYPE                     ; AUTO                 ; Untyped                                                    ;
; BYTE_SIZE                          ; 8                    ; Untyped                                                    ;
; READ_DURING_WRITE_MODE_MIXED_PORTS ; DONT_CARE            ; Untyped                                                    ;
; READ_DURING_WRITE_MODE_PORT_A      ; NEW_DATA_NO_NBE_READ ; Untyped                                                    ;
; READ_DURING_WRITE_MODE_PORT_B      ; NEW_DATA_NO_NBE_READ ; Untyped                                                    ;
; INIT_FILE                          ; UNUSED               ; Untyped                                                    ;
; INIT_FILE_LAYOUT                   ; PORT_A               ; Untyped                                                    ;
; MAXIMUM_DEPTH                      ; 0                    ; Untyped                                                    ;
; CLOCK_ENABLE_INPUT_A               ; BYPASS               ; Untyped                                                    ;
; CLOCK_ENABLE_INPUT_B               ; NORMAL               ; Untyped                                                    ;
; CLOCK_ENABLE_OUTPUT_A              ; BYPASS               ; Untyped                                                    ;
; CLOCK_ENABLE_OUTPUT_B              ; NORMAL               ; Untyped                                                    ;
; CLOCK_ENABLE_CORE_A                ; USE_INPUT_CLKEN      ; Untyped                                                    ;
; CLOCK_ENABLE_CORE_B                ; USE_INPUT_CLKEN      ; Untyped                                                    ;
; ENABLE_ECC                         ; FALSE                ; Untyped                                                    ;
; ECC_PIPELINE_STAGE_ENABLED         ; FALSE                ; Untyped                                                    ;
; WIDTH_ECCSTATUS                    ; 3                    ; Untyped                                                    ;
; DEVICE_FAMILY                      ; Cyclone IV E         ; Untyped                                                    ;
; CBXI_PARAMETER                     ; altsyncram_dqg1      ; Untyped                                                    ;
+------------------------------------+----------------------+------------------------------------------------------------+
Note: In order to hide this table in the UI and the text report file, please set the "Show Parameter Settings in Synthesis Report" option in "Analysis and Synthesis Settings -> More Settings" to "Off".


+----------------------------------------------------------------------------------------------------------------+
; Parameter Settings for User Entity Instance: seg_595_dynamic:seg_595_dynamic_inst|seg_dynamic:seg_dynamic_inst ;
+----------------+------------------+----------------------------------------------------------------------------+
; Parameter Name ; Value            ; Type                                                                       ;
+----------------+------------------+----------------------------------------------------------------------------+
; CNT_MAX        ; 1100001101001111 ; Unsigned Binary                                                            ;
+----------------+------------------+----------------------------------------------------------------------------+
Note: In order to hide this table in the UI and the text report file, please set the "Show Parameter Settings in Synthesis Report" option in "Analysis and Synthesis Settings -> More Settings" to "Off".


+-------------------------------------------------------------------------------------------------------------------------------------+
; altsyncram Parameter Settings by Entity Instance                                                                                    ;
+-------------------------------------------+-----------------------------------------------------------------------------------------+
; Name                                      ; Value                                                                                   ;
+-------------------------------------------+-----------------------------------------------------------------------------------------+
; Number of entity instances                ; 2                                                                                       ;
; Entity Instance                           ; top:top_inst|instruction_memory:instruction_memory_inst|altsyncram:altsyncram_component ;
;     -- OPERATION_MODE                     ; SINGLE_PORT                                                                             ;
;     -- WIDTH_A                            ; 32                                                                                      ;
;     -- NUMWORDS_A                         ; 256                                                                                     ;
;     -- OUTDATA_REG_A                      ; UNREGISTERED                                                                            ;
;     -- WIDTH_B                            ; 1                                                                                       ;
;     -- NUMWORDS_B                         ; 1                                                                                       ;
;     -- ADDRESS_REG_B                      ; CLOCK1                                                                                  ;
;     -- OUTDATA_REG_B                      ; UNREGISTERED                                                                            ;
;     -- RAM_BLOCK_TYPE                     ; AUTO                                                                                    ;
;     -- READ_DURING_WRITE_MODE_MIXED_PORTS ; DONT_CARE                                                                               ;
; Entity Instance                           ; top:top_inst|data_memory:data_memory_inst|altsyncram:altsyncram_component               ;
;     -- OPERATION_MODE                     ; SINGLE_PORT                                                                             ;
;     -- WIDTH_A                            ; 32                                                                                      ;
;     -- NUMWORDS_A                         ; 256                                                                                     ;
;     -- OUTDATA_REG_A                      ; UNREGISTERED                                                                            ;
;     -- WIDTH_B                            ; 1                                                                                       ;
;     -- NUMWORDS_B                         ; 1                                                                                       ;
;     -- ADDRESS_REG_B                      ; CLOCK1                                                                                  ;
;     -- OUTDATA_REG_B                      ; UNREGISTERED                                                                            ;
;     -- RAM_BLOCK_TYPE                     ; AUTO                                                                                    ;
;     -- READ_DURING_WRITE_MODE_MIXED_PORTS ; DONT_CARE                                                                               ;
+-------------------------------------------+-----------------------------------------------------------------------------------------+


+------------------------------------------------------------------+
; Port Connectivity Checks: "seg_595_dynamic:seg_595_dynamic_inst" ;
+--------+-------+----------+--------------------------------------+
; Port   ; Type  ; Severity ; Details                              ;
+--------+-------+----------+--------------------------------------+
; point  ; Input ; Info     ; Stuck at GND                         ;
; seg_en ; Input ; Info     ; Stuck at VCC                         ;
; sign   ; Input ; Info     ; Stuck at GND                         ;
+--------+-------+----------+--------------------------------------+


+-----------------------------------------------------------------------------------------------------------------------------------------------------------------------------------------------------------------+
; Port Connectivity Checks: "top:top_inst|data_memory:data_memory_inst"                                                                                                                                           ;
+---------+-------+----------+------------------------------------------------------------------------------------------------------------------------------------------------------------------------------------+
; Port    ; Type  ; Severity ; Details                                                                                                                                                                            ;
+---------+-------+----------+------------------------------------------------------------------------------------------------------------------------------------------------------------------------------------+
; address ; Input ; Warning  ; Input port expression (32 bits) is wider than the input port (8 bits) it drives.  The 24 most-significant bit(s) in the expression will be dangling if they have no other fanouts. ;
+---------+-------+----------+------------------------------------------------------------------------------------------------------------------------------------------------------------------------------------+


+-------------------------------------------------------------------------------------+
; Port Connectivity Checks: "top:top_inst|instruction_memory:instruction_memory_inst" ;
+------+-------+----------+-----------------------------------------------------------+
; Port ; Type  ; Severity ; Details                                                   ;
+------+-------+----------+-----------------------------------------------------------+
; data ; Input ; Info     ; Explicitly unconnected                                    ;
; wren ; Input ; Info     ; Stuck at GND                                              ;
+------+-------+----------+-----------------------------------------------------------+


+------------------------------------------------------------------------------------------------+
; Port Connectivity Checks: "top:top_inst|mips:mips_inst|datapath:datapath_inst|mux2:pcmux_inst" ;
+----------+-------+----------+------------------------------------------------------------------+
; Port     ; Type  ; Severity ; Details                                                          ;
+----------+-------+----------+------------------------------------------------------------------+
; d1[1..0] ; Input ; Info     ; Stuck at GND                                                     ;
+----------+-------+----------+------------------------------------------------------------------+


+-----------------------------------------------------------------------------------------------------------+
; Port Connectivity Checks: "top:top_inst|mips:mips_inst|datapath:datapath_inst|adder:pc_plus_4_adder_inst" ;
+----------+-------+----------+-----------------------------------------------------------------------------+
; Port     ; Type  ; Severity ; Details                                                                     ;
+----------+-------+----------+-----------------------------------------------------------------------------+
; b[31..3] ; Input ; Info     ; Stuck at GND                                                                ;
; b[1..0]  ; Input ; Info     ; Stuck at GND                                                                ;
; b[2]     ; Input ; Info     ; Stuck at VCC                                                                ;
+----------+-------+----------+-----------------------------------------------------------------------------+


+--------------------------------------------------------------------------------------------------------------------+
; Port Connectivity Checks: "top:top_inst|mips:mips_inst|datapath:datapath_inst"                                     ;
+----------+--------+----------+-------------------------------------------------------------------------------------+
; Port     ; Type   ; Severity ; Details                                                                             ;
+----------+--------+----------+-------------------------------------------------------------------------------------+
; overflow ; Output ; Info     ; Connected to dangling logic. Logic that only feeds a dangling port will be removed. ;
+----------+--------+----------+-------------------------------------------------------------------------------------+


+----------------------------------------------------------------------------------------------------------------------+
; Port Connectivity Checks: "top:top_inst|mips:mips_inst"                                                              ;
+------------+--------+----------+-------------------------------------------------------------------------------------+
; Port       ; Type   ; Severity ; Details                                                                             ;
+------------+--------+----------+-------------------------------------------------------------------------------------+
; pc[31..10] ; Output ; Info     ; Connected to dangling logic. Logic that only feeds a dangling port will be removed. ;
; pc[1..0]   ; Output ; Info     ; Connected to dangling logic. Logic that only feeds a dangling port will be removed. ;
+------------+--------+----------+-------------------------------------------------------------------------------------+


+-------------------------------+
; Elapsed Time Per Partition    ;
+----------------+--------------+
; Partition Name ; Elapsed Time ;
+----------------+--------------+
; Top            ; 00:00:03     ;
+----------------+--------------+


+-------------------------------+
; Analysis & Synthesis Messages ;
+-------------------------------+
Info: *******************************************************************
Info: Running Quartus II 64-Bit Analysis & Synthesis
    Info: Version 13.0.1 Build 232 06/12/2013 Service Pack 1 SJ Full Version
    Info: Processing started: Tue Mar 25 18:29:37 2025
Info: Command: quartus_map --read_settings_files=on --write_settings_files=off mips_cpu_one_circle -c mips_cpu_one_circle
Warning (125092): Tcl Script File ip_core/instrcution_memory/instrcution_memory.qip not found
    Info (125063): set_global_assignment -name QIP_FILE ip_core/instrcution_memory/instrcution_memory.qip
Info (11104): Parallel Compilation has detected 12 hyper-threaded processors. However, the extra hyper-threaded processors will not be used by default. Parallel Compilation will use 6 of the 6 physical processors detected instead.
Info (12021): Found 1 design units, including 1 entities, in source file /mycpu/git/mips_cpu_one_circle/sim/tb_result.v
    Info (12023): Found entity 1: tb_result
Info (12021): Found 1 design units, including 1 entities, in source file /mycpu/git/mips_cpu_one_circle/rtl/seg_dynamic.v
    Info (12023): Found entity 1: seg_dynamic
Info (12021): Found 1 design units, including 1 entities, in source file /mycpu/git/mips_cpu_one_circle/rtl/seg_595_dynamic.v
    Info (12023): Found entity 1: seg_595_dynamic
Info (12021): Found 1 design units, including 1 entities, in source file /mycpu/git/mips_cpu_one_circle/rtl/pass_or_fail.v
    Info (12023): Found entity 1: pass_or_fail
Info (12021): Found 1 design units, including 1 entities, in source file /mycpu/git/mips_cpu_one_circle/rtl/hc595_ctrl.v
    Info (12023): Found entity 1: hc595_ctrl
Info (12021): Found 1 design units, including 1 entities, in source file /mycpu/git/mips_cpu_one_circle/rtl/bcd_8421.v
    Info (12023): Found entity 1: bcd_8421
Info (12021): Found 1 design units, including 1 entities, in source file /mycpu/git/mips_cpu_one_circle/sim/tb_top.v
    Info (12023): Found entity 1: tb_top
Info (12021): Found 1 design units, including 1 entities, in source file /mycpu/git/mips_cpu_one_circle/sim/tb_instruction_memory.v
    Info (12023): Found entity 1: tb_instruction_memory
Info (12021): Found 1 design units, including 1 entities, in source file /mycpu/git/mips_cpu_one_circle/rtl/top.v
    Info (12023): Found entity 1: top
Info (12021): Found 1 design units, including 1 entities, in source file /mycpu/git/mips_cpu_one_circle/rtl/sign_extend.v
    Info (12023): Found entity 1: sign_extend
Info (12021): Found 1 design units, including 1 entities, in source file /mycpu/git/mips_cpu_one_circle/rtl/shift_left_2.v
    Info (12023): Found entity 1: shift_left_2
Info (12021): Found 1 design units, including 1 entities, in source file /mycpu/git/mips_cpu_one_circle/rtl/regfile.v
    Info (12023): Found entity 1: regfile
Info (12021): Found 1 design units, including 1 entities, in source file /mycpu/git/mips_cpu_one_circle/rtl/mux2.v
    Info (12023): Found entity 1: mux2
Info (12021): Found 1 design units, including 1 entities, in source file /mycpu/git/mips_cpu_one_circle/rtl/mips.v
    Info (12023): Found entity 1: mips
Info (12021): Found 1 design units, including 1 entities, in source file /mycpu/git/mips_cpu_one_circle/rtl/maindec.v
    Info (12023): Found entity 1: maindec
Info (12021): Found 1 design units, including 1 entities, in source file /mycpu/git/mips_cpu_one_circle/rtl/flopr.v
    Info (12023): Found entity 1: flopr
Info (12021): Found 1 design units, including 1 entities, in source file /mycpu/git/mips_cpu_one_circle/rtl/datapath.v
    Info (12023): Found entity 1: datapath
Info (12021): Found 1 design units, including 1 entities, in source file /mycpu/git/mips_cpu_one_circle/rtl/controller.v
    Info (12023): Found entity 1: controller
Info (12021): Found 1 design units, including 1 entities, in source file /mycpu/git/mips_cpu_one_circle/rtl/aludec.v
    Info (12023): Found entity 1: aludec
Info (12021): Found 1 design units, including 1 entities, in source file /mycpu/git/mips_cpu_one_circle/rtl/alu.v
    Info (12023): Found entity 1: alu
Info (12021): Found 1 design units, including 1 entities, in source file /mycpu/git/mips_cpu_one_circle/rtl/adder.v
    Info (12023): Found entity 1: adder
Info (12021): Found 1 design units, including 1 entities, in source file ip_core/data_memory/data_memory.v
    Info (12023): Found entity 1: data_memory
Info (12021): Found 1 design units, including 1 entities, in source file ip_core/instruction_memory/instruction_memory.v
    Info (12023): Found entity 1: instruction_memory
Info (12127): Elaborating entity "pass_or_fail" for the top level hierarchy
Warning (10036): Verilog HDL or VHDL warning at pass_or_fail.v(16): object "sign" assigned a value but never read
Info (12128): Elaborating entity "top" for hierarchy "top:top_inst"
Info (12128): Elaborating entity "mips" for hierarchy "top:top_inst|mips:mips_inst"
Info (12128): Elaborating entity "controller" for hierarchy "top:top_inst|mips:mips_inst|controller:controller_inst"
Info (12128): Elaborating entity "maindec" for hierarchy "top:top_inst|mips:mips_inst|controller:controller_inst|maindec:maindec_inst"
Info (12128): Elaborating entity "aludec" for hierarchy "top:top_inst|mips:mips_inst|controller:controller_inst|aludec:aludec_inst"
Info (12128): Elaborating entity "datapath" for hierarchy "top:top_inst|mips:mips_inst|datapath:datapath_inst"
Info (12128): Elaborating entity "flopr" for hierarchy "top:top_inst|mips:mips_inst|datapath:datapath_inst|flopr:flopr_inst"
Info (12128): Elaborating entity "adder" for hierarchy "top:top_inst|mips:mips_inst|datapath:datapath_inst|adder:pc_plus_4_adder_inst"
Info (12128): Elaborating entity "shift_left_2" for hierarchy "top:top_inst|mips:mips_inst|datapath:datapath_inst|shift_left_2:shift_left_2_inst"
Info (12128): Elaborating entity "mux2" for hierarchy "top:top_inst|mips:mips_inst|datapath:datapath_inst|mux2:pcbrmux_inst"
Info (12128): Elaborating entity "regfile" for hierarchy "top:top_inst|mips:mips_inst|datapath:datapath_inst|regfile:rf"
Info (12128): Elaborating entity "mux2" for hierarchy "top:top_inst|mips:mips_inst|datapath:datapath_inst|mux2:wr_mux_inst"
Info (12128): Elaborating entity "sign_extend" for hierarchy "top:top_inst|mips:mips_inst|datapath:datapath_inst|sign_extend:sign_extend_inst"
Info (12128): Elaborating entity "alu" for hierarchy "top:top_inst|mips:mips_inst|datapath:datapath_inst|alu:alu_inst"
Info (12128): Elaborating entity "instruction_memory" for hierarchy "top:top_inst|instruction_memory:instruction_memory_inst"
Info (12128): Elaborating entity "altsyncram" for hierarchy "top:top_inst|instruction_memory:instruction_memory_inst|altsyncram:altsyncram_component"
Info (12130): Elaborated megafunction instantiation "top:top_inst|instruction_memory:instruction_memory_inst|altsyncram:altsyncram_component"
Info (12133): Instantiated megafunction "top:top_inst|instruction_memory:instruction_memory_inst|altsyncram:altsyncram_component" with the following parameter:
    Info (12134): Parameter "clock_enable_input_a" = "BYPASS"
    Info (12134): Parameter "clock_enable_output_a" = "BYPASS"
    Info (12134): Parameter "init_file" = "instructions.mif"
    Info (12134): Parameter "intended_device_family" = "Cyclone IV E"
    Info (12134): Parameter "lpm_hint" = "ENABLE_RUNTIME_MOD=NO"
    Info (12134): Parameter "lpm_type" = "altsyncram"
    Info (12134): Parameter "numwords_a" = "256"
    Info (12134): Parameter "operation_mode" = "SINGLE_PORT"
    Info (12134): Parameter "outdata_aclr_a" = "CLEAR0"
    Info (12134): Parameter "outdata_reg_a" = "UNREGISTERED"
    Info (12134): Parameter "power_up_uninitialized" = "FALSE"
    Info (12134): Parameter "read_during_write_mode_port_a" = "NEW_DATA_NO_NBE_READ"
    Info (12134): Parameter "widthad_a" = "8"
    Info (12134): Parameter "width_a" = "32"
    Info (12134): Parameter "width_byteena_a" = "1"
Info (12021): Found 1 design units, including 1 entities, in source file db/altsyncram_0ij1.tdf
    Info (12023): Found entity 1: altsyncram_0ij1
Info (12128): Elaborating entity "altsyncram_0ij1" for hierarchy "top:top_inst|instruction_memory:instruction_memory_inst|altsyncram:altsyncram_component|altsyncram_0ij1:auto_generated"
Info (12128): Elaborating entity "data_memory" for hierarchy "top:top_inst|data_memory:data_memory_inst"
Info (12128): Elaborating entity "altsyncram" for hierarchy "top:top_inst|data_memory:data_memory_inst|altsyncram:altsyncram_component"
Info (12130): Elaborated megafunction instantiation "top:top_inst|data_memory:data_memory_inst|altsyncram:altsyncram_component"
Info (12133): Instantiated megafunction "top:top_inst|data_memory:data_memory_inst|altsyncram:altsyncram_component" with the following parameter:
    Info (12134): Parameter "clock_enable_input_a" = "BYPASS"
    Info (12134): Parameter "clock_enable_output_a" = "BYPASS"
    Info (12134): Parameter "intended_device_family" = "Cyclone IV E"
    Info (12134): Parameter "lpm_hint" = "ENABLE_RUNTIME_MOD=NO"
    Info (12134): Parameter "lpm_type" = "altsyncram"
    Info (12134): Parameter "numwords_a" = "256"
    Info (12134): Parameter "operation_mode" = "SINGLE_PORT"
    Info (12134): Parameter "outdata_aclr_a" = "CLEAR0"
    Info (12134): Parameter "outdata_reg_a" = "UNREGISTERED"
    Info (12134): Parameter "power_up_uninitialized" = "FALSE"
    Info (12134): Parameter "read_during_write_mode_port_a" = "NEW_DATA_NO_NBE_READ"
    Info (12134): Parameter "widthad_a" = "8"
    Info (12134): Parameter "width_a" = "32"
    Info (12134): Parameter "width_byteena_a" = "1"
Info (12021): Found 1 design units, including 1 entities, in source file db/altsyncram_dqg1.tdf
    Info (12023): Found entity 1: altsyncram_dqg1
Info (12128): Elaborating entity "altsyncram_dqg1" for hierarchy "top:top_inst|data_memory:data_memory_inst|altsyncram:altsyncram_component|altsyncram_dqg1:auto_generated"
Info (12128): Elaborating entity "seg_595_dynamic" for hierarchy "seg_595_dynamic:seg_595_dynamic_inst"
Info (12128): Elaborating entity "seg_dynamic" for hierarchy "seg_595_dynamic:seg_595_dynamic_inst|seg_dynamic:seg_dynamic_inst"
Info (12128): Elaborating entity "bcd_8421" for hierarchy "seg_595_dynamic:seg_595_dynamic_inst|seg_dynamic:seg_dynamic_inst|bcd_8421:bcd_8421_inst"
Info (12128): Elaborating entity "hc595_ctrl" for hierarchy "seg_595_dynamic:seg_595_dynamic_inst|hc595_ctrl:hc595_ctrl_inst"
Info (276014): Found 1 instances of uninferred RAM logic
    Info (276007): RAM logic "top:top_inst|mips:mips_inst|datapath:datapath_inst|regfile:rf|rf" is uninferred due to asynchronous read logic
Warning (12241): 1 hierarchies have connectivity warnings - see the Connectivity Checks report folder
Info (13000): Registers with preset signals will power-up high
Info (13003): DEV_CLRn pin will set, and not reset, register with preset signal due to NOT Gate Push-Back
Info (286030): Timing-Driven Synthesis is running
Info (17049): 22 registers lost all their fanouts during netlist optimizations.
Info (16010): Generating hard_block partition "hard_block:auto_generated_inst"
    Info (16011): Adding 0 node(s), including 0 DDIO, 0 PLL, 0 transceiver and 0 LCELL
Info (21057): Implemented 2963 device resources after synthesis - the final resource count might be different
    Info (21058): Implemented 2 input pins
    Info (21059): Implemented 4 output pins
    Info (21061): Implemented 2893 logic cells
    Info (21064): Implemented 64 RAM segments
Info: Quartus II 64-Bit Analysis & Synthesis was successful. 0 errors, 3 warnings
    Info: Peak virtual memory: 4645 megabytes
    Info: Processing ended: Tue Mar 25 18:29:42 2025
    Info: Elapsed time: 00:00:05
    Info: Total CPU time (on all processors): 00:00:05


