Flow report for mips_cpu_one_circle
Tue Mar 25 12:00:59 2025
Quartus II 64-Bit Version 13.0.1 Build 232 06/12/2013 Service Pack 1 SJ Full Version


---------------------
; Table of Contents ;
---------------------
  1. Legal Notice
  2. Flow Summary
  3. Flow Settings
  4. Flow Non-Default Global Settings
  5. Flow Elapsed Time
  6. Flow OS Summary
  7. Flow Log
  8. Flow Messages
  9. Flow Suppressed Messages



----------------
; Legal Notice ;
----------------
Copyright (C) 1991-2013 Altera Corporation
Your use of Altera Corporation's design tools, logic functions 
and other software and tools, and its AMPP partner logic 
functions, and any output files from any of the foregoing 
(including device programming or simulation files), and any 
associated documentation or information are expressly subject 
to the terms and conditions of the Altera Program License 
Subscription Agreement, Altera MegaCore Function License 
Agreement, or other applicable license agreement, including, 
without limitation, that your use is for the sole purpose of 
programming logic devices manufactured by Altera and sold by 
Altera or its authorized distributors.  Please refer to the 
applicable agreement for further details.



+---------------------------------------------------------------------------------------+
; Flow Summary                                                                          ;
+------------------------------------+--------------------------------------------------+
; Flow Status                        ; Successful - Tue Mar 25 12:00:59 2025            ;
; Quartus II 64-Bit Version          ; 13.0.1 Build 232 06/12/2013 SP 1 SJ Full Version ;
; Revision Name                      ; mips_cpu_one_circle                              ;
; Top-level Entity Name              ; pass_or_fail                                     ;
; Family                             ; Cyclone IV E                                     ;
; Device                             ; EP4CE10F17C8                                     ;
; Timing Models                      ; Final                                            ;
; Total logic elements               ; 2,291 / 10,320 ( 22 % )                          ;
;     Total combinational functions  ; 1,822 / 10,320 ( 18 % )                          ;
;     Dedicated logic registers      ; 1,177 / 10,320 ( 11 % )                          ;
; Total registers                    ; 1177                                             ;
; Total pins                         ; 6 / 180 ( 3 % )                                  ;
; Total virtual pins                 ; 0                                                ;
; Total memory bits                  ; 16,384 / 423,936 ( 4 % )                         ;
; Embedded Multiplier 9-bit elements ; 0 / 46 ( 0 % )                                   ;
; Total PLLs                         ; 0 / 2 ( 0 % )                                    ;
+------------------------------------+--------------------------------------------------+


+-----------------------------------------+
; Flow Settings                           ;
+-------------------+---------------------+
; Option            ; Setting             ;
+-------------------+---------------------+
; Start date & time ; 03/25/2025 12:00:27 ;
; Main task         ; Compilation         ;
; Revision Name     ; mips_cpu_one_circle ;
+-------------------+---------------------+


+----------------------------------------------------------------------------------------------------------------------------------------------------------+
; Flow Non-Default Global Settings                                                                                                                         ;
+--------------------------------------+------------------------------------------------------+---------------------+--------------+-----------------------+
; Assignment Name                      ; Value                                                ; Default Value       ; Entity Name  ; Section Id            ;
+--------------------------------------+------------------------------------------------------+---------------------+--------------+-----------------------+
; COMPILER_SIGNATURE_ID                ; 27214209281122.174287522713760                       ; --                  ; --           ; --                    ;
; EDA_DESIGN_INSTANCE_NAME             ; NA                                                   ; --                  ; --           ; tb_instruction_memory ;
; EDA_DESIGN_INSTANCE_NAME             ; NA                                                   ; --                  ; --           ; tb_top                ;
; EDA_DESIGN_INSTANCE_NAME             ; NA                                                   ; --                  ; --           ; tb_result             ;
; EDA_NATIVELINK_SIMULATION_TEST_BENCH ; tb_result                                            ; --                  ; --           ; eda_simulation        ;
; EDA_OUTPUT_DATA_FORMAT               ; Verilog Hdl                                          ; --                  ; --           ; eda_simulation        ;
; EDA_SIMULATION_TOOL                  ; ModelSim (Verilog)                                   ; <None>              ; --           ; --                    ;
; EDA_TEST_BENCH_ENABLE_STATUS         ; TEST_BENCH_MODE                                      ; --                  ; --           ; eda_simulation        ;
; EDA_TEST_BENCH_FILE                  ; ../sim/tb_instruction_memory.v                       ; --                  ; --           ; tb_instruction_memory ;
; EDA_TEST_BENCH_FILE                  ; ../sim/tb_top.v                                      ; --                  ; --           ; tb_top                ;
; EDA_TEST_BENCH_FILE                  ; ../sim/tb_result.v                                   ; --                  ; --           ; tb_result             ;
; EDA_TEST_BENCH_MODULE_NAME           ; tb_instruction_memory                                ; --                  ; --           ; tb_instruction_memory ;
; EDA_TEST_BENCH_MODULE_NAME           ; tb_top                                               ; --                  ; --           ; tb_top                ;
; EDA_TEST_BENCH_MODULE_NAME           ; tb_result                                            ; --                  ; --           ; tb_result             ;
; EDA_TEST_BENCH_NAME                  ; tb_instruction_memory                                ; --                  ; --           ; eda_simulation        ;
; EDA_TEST_BENCH_NAME                  ; tb_top                                               ; --                  ; --           ; eda_simulation        ;
; EDA_TEST_BENCH_NAME                  ; tb_result                                            ; --                  ; --           ; eda_simulation        ;
; EDA_TEST_BENCH_RUN_SIM_FOR           ; 1 us                                                 ; --                  ; --           ; tb_instruction_memory ;
; EDA_TEST_BENCH_RUN_SIM_FOR           ; 1 ms                                                 ; --                  ; --           ; tb_top                ;
; EDA_TEST_BENCH_RUN_SIM_FOR           ; 1 us                                                 ; --                  ; --           ; tb_result             ;
; EDA_TIME_SCALE                       ; 1 ns                                                 ; --                  ; --           ; eda_simulation        ;
; IP_TOOL_NAME                         ; RAM: 1-PORT                                          ; --                  ; --           ; --                    ;
; IP_TOOL_NAME                         ; RAM: 1-PORT                                          ; --                  ; --           ; --                    ;
; IP_TOOL_VERSION                      ; 13.0                                                 ; --                  ; --           ; --                    ;
; IP_TOOL_VERSION                      ; 13.0                                                 ; --                  ; --           ; --                    ;
; MAX_CORE_JUNCTION_TEMP               ; 85                                                   ; --                  ; --           ; --                    ;
; MIN_CORE_JUNCTION_TEMP               ; 0                                                    ; --                  ; --           ; --                    ;
; MISC_FILE                            ; ip_core/data_memory/data_memory_inst.v               ; --                  ; --           ; --                    ;
; MISC_FILE                            ; ip_core/instruction_memory/instruction_memory_inst.v ; --                  ; --           ; --                    ;
; NOMINAL_CORE_SUPPLY_VOLTAGE          ; 1.2V                                                 ; --                  ; --           ; --                    ;
; PARTITION_COLOR                      ; 16764057                                             ; --                  ; pass_or_fail ; Top                   ;
; PARTITION_FITTER_PRESERVATION_LEVEL  ; PLACEMENT_AND_ROUTING                                ; --                  ; pass_or_fail ; Top                   ;
; PARTITION_NETLIST_TYPE               ; SOURCE                                               ; --                  ; pass_or_fail ; Top                   ;
; POWER_BOARD_THERMAL_MODEL            ; None (CONSERVATIVE)                                  ; --                  ; --           ; --                    ;
; POWER_PRESET_COOLING_SOLUTION        ; 23 MM HEAT SINK WITH 200 LFPM AIRFLOW                ; --                  ; --           ; --                    ;
; PROJECT_OUTPUT_DIRECTORY             ; output_files                                         ; --                  ; --           ; --                    ;
; TOP_LEVEL_ENTITY                     ; pass_or_fail                                         ; mips_cpu_one_circle ; --           ; --                    ;
+--------------------------------------+------------------------------------------------------+---------------------+--------------+-----------------------+


+-------------------------------------------------------------------------------------------------------------------------------+
; Flow Elapsed Time                                                                                                             ;
+---------------------------+--------------+-------------------------+---------------------+------------------------------------+
; Module Name               ; Elapsed Time ; Average Processors Used ; Peak Virtual Memory ; Total CPU Time (on all processors) ;
+---------------------------+--------------+-------------------------+---------------------+------------------------------------+
; Analysis & Synthesis      ; 00:00:04     ; 1.0                     ; 4661 MB             ; 00:00:04                           ;
; Fitter                    ; 00:00:17     ; 3.2                     ; 5475 MB             ; 00:00:22                           ;
; Assembler                 ; 00:00:01     ; 1.0                     ; 4555 MB             ; 00:00:01                           ;
; TimeQuest Timing Analyzer ; 00:00:03     ; 1.0                     ; 4679 MB             ; 00:00:04                           ;
; EDA Netlist Writer        ; 00:00:03     ; 1.0                     ; 4549 MB             ; 00:00:03                           ;
; Total                     ; 00:00:28     ; --                      ; --                  ; 00:00:34                           ;
+---------------------------+--------------+-------------------------+---------------------+------------------------------------+


+----------------------------------------------------------------------------------------+
; Flow OS Summary                                                                        ;
+---------------------------+------------------+-----------+------------+----------------+
; Module Name               ; Machine Hostname ; OS Name   ; OS Version ; Processor type ;
+---------------------------+------------------+-----------+------------+----------------+
; Analysis & Synthesis      ; DESKTOP-FG39D82  ; Windows 7 ; 6.2        ; x86_64         ;
; Fitter                    ; DESKTOP-FG39D82  ; Windows 7 ; 6.2        ; x86_64         ;
; Assembler                 ; DESKTOP-FG39D82  ; Windows 7 ; 6.2        ; x86_64         ;
; TimeQuest Timing Analyzer ; DESKTOP-FG39D82  ; Windows 7 ; 6.2        ; x86_64         ;
; EDA Netlist Writer        ; DESKTOP-FG39D82  ; Windows 7 ; 6.2        ; x86_64         ;
+---------------------------+------------------+-----------+------------+----------------+


------------
; Flow Log ;
------------
quartus_map --read_settings_files=on --write_settings_files=off mips_cpu_one_circle -c mips_cpu_one_circle
quartus_fit --read_settings_files=off --write_settings_files=off mips_cpu_one_circle -c mips_cpu_one_circle
quartus_asm --read_settings_files=off --write_settings_files=off mips_cpu_one_circle -c mips_cpu_one_circle
quartus_sta mips_cpu_one_circle -c mips_cpu_one_circle
quartus_eda --read_settings_files=off --write_settings_files=off mips_cpu_one_circle -c mips_cpu_one_circle



